[debug] [2023-02-15T20:18:42.155Z] ----------------------------------------------------------------------
[debug] [2023-02-15T20:18:42.156Z] Command:       /usr/local/bin/node /usr/local/bin/firebase deploy
[debug] [2023-02-15T20:18:42.157Z] CLI Version:   11.23.1
[debug] [2023-02-15T20:18:42.157Z] Platform:      darwin
[debug] [2023-02-15T20:18:42.157Z] Node Version:  v18.13.0
[debug] [2023-02-15T20:18:42.160Z] Time:          Wed Feb 15 2023 15:18:42 GMT-0500 (Eastern Standard Time)
[debug] [2023-02-15T20:18:42.161Z] ----------------------------------------------------------------------
[debug] 
[debug] [2023-02-15T20:18:42.195Z] > command requires scopes: ["email","openid","https://www.googleapis.com/auth/cloudplatformprojects.readonly","https://www.googleapis.com/auth/firebase","https://www.googleapis.com/auth/cloud-platform"]
[debug] [2023-02-15T20:18:42.195Z] > authorizing via signed-in user (viditk17@gmail.com)
[debug] [2023-02-15T20:18:42.195Z] [iam] checking project vk-snapshot for permissions ["cloudfunctions.functions.create","cloudfunctions.functions.delete","cloudfunctions.functions.get","cloudfunctions.functions.list","cloudfunctions.functions.update","cloudfunctions.operations.get","firebase.projects.get"]
[debug] [2023-02-15T20:18:42.196Z] >>> [apiv2][query] POST https://cloudresourcemanager.googleapis.com/v1/projects/vk-snapshot:testIamPermissions [none]
[debug] [2023-02-15T20:18:42.196Z] >>> [apiv2][(partial)header] POST https://cloudresourcemanager.googleapis.com/v1/projects/vk-snapshot:testIamPermissions x-goog-quota-user=projects/vk-snapshot
[debug] [2023-02-15T20:18:42.197Z] >>> [apiv2][body] POST https://cloudresourcemanager.googleapis.com/v1/projects/vk-snapshot:testIamPermissions {"permissions":["cloudfunctions.functions.create","cloudfunctions.functions.delete","cloudfunctions.functions.get","cloudfunctions.functions.list","cloudfunctions.functions.update","cloudfunctions.operations.get","firebase.projects.get"]}
[debug] [2023-02-15T20:18:42.338Z] <<< [apiv2][status] POST https://cloudresourcemanager.googleapis.com/v1/projects/vk-snapshot:testIamPermissions 200
[debug] [2023-02-15T20:18:42.339Z] <<< [apiv2][body] POST https://cloudresourcemanager.googleapis.com/v1/projects/vk-snapshot:testIamPermissions {"permissions":["cloudfunctions.functions.create","cloudfunctions.functions.delete","cloudfunctions.functions.get","cloudfunctions.functions.list","cloudfunctions.functions.update","cloudfunctions.operations.get","firebase.projects.get"]}
[debug] [2023-02-15T20:18:42.339Z] >>> [apiv2][query] POST https://iam.googleapis.com/v1/projects/vk-snapshot/serviceAccounts/vk-snapshot@appspot.gserviceaccount.com:testIamPermissions [none]
[debug] [2023-02-15T20:18:42.339Z] >>> [apiv2][body] POST https://iam.googleapis.com/v1/projects/vk-snapshot/serviceAccounts/vk-snapshot@appspot.gserviceaccount.com:testIamPermissions {"permissions":["iam.serviceAccounts.actAs"]}
[debug] [2023-02-15T20:18:42.450Z] <<< [apiv2][status] POST https://iam.googleapis.com/v1/projects/vk-snapshot/serviceAccounts/vk-snapshot@appspot.gserviceaccount.com:testIamPermissions 200
[debug] [2023-02-15T20:18:42.451Z] <<< [apiv2][body] POST https://iam.googleapis.com/v1/projects/vk-snapshot/serviceAccounts/vk-snapshot@appspot.gserviceaccount.com:testIamPermissions {"permissions":["iam.serviceAccounts.actAs"]}
[info] 
[info] === Deploying to 'vk-snapshot'...
[info] 
[info] i  deploying functions 
[info] Running command: npm --prefix "$RESOURCE_DIR" run lint
[info] Running command: npm --prefix "$RESOURCE_DIR" run build
[info] ✔  functions: Finished running predeploy script. 
[debug] [2023-02-15T20:18:48.167Z] >>> [apiv2][query] GET https://firebase.googleapis.com/v1beta1/projects/vk-snapshot [none]
[debug] [2023-02-15T20:18:48.401Z] <<< [apiv2][status] GET https://firebase.googleapis.com/v1beta1/projects/vk-snapshot 200
[debug] [2023-02-15T20:18:48.401Z] <<< [apiv2][body] GET https://firebase.googleapis.com/v1beta1/projects/vk-snapshot {"projectId":"vk-snapshot","projectNumber":"159681680604","displayName":"snapshot","name":"projects/vk-snapshot","resources":{"hostingSite":"vk-snapshot","storageBucket":"vk-snapshot.appspot.com","locationId":"us-central"},"state":"ACTIVE","etag":"1_ba534d02-d472-4c0e-b4f0-7fa057745875"}
[info] i  functions: preparing codebase default for deployment 
[info] i  functions: ensuring required API cloudfunctions.googleapis.com is enabled... 
[info] i  functions: ensuring required API cloudbuild.googleapis.com is enabled... 
[info] i  artifactregistry: ensuring required API artifactregistry.googleapis.com is enabled... 
[debug] [2023-02-15T20:18:48.404Z] >>> [apiv2][query] GET https://serviceusage.googleapis.com/v1/projects/vk-snapshot/services/cloudfunctions.googleapis.com [none]
[debug] [2023-02-15T20:18:48.404Z] >>> [apiv2][(partial)header] GET https://serviceusage.googleapis.com/v1/projects/vk-snapshot/services/cloudfunctions.googleapis.com x-goog-quota-user=projects/vk-snapshot
[debug] [2023-02-15T20:18:48.407Z] >>> [apiv2][query] GET https://serviceusage.googleapis.com/v1/projects/vk-snapshot/services/runtimeconfig.googleapis.com [none]
[debug] [2023-02-15T20:18:48.407Z] >>> [apiv2][(partial)header] GET https://serviceusage.googleapis.com/v1/projects/vk-snapshot/services/runtimeconfig.googleapis.com x-goog-quota-user=projects/vk-snapshot
[debug] [2023-02-15T20:18:48.409Z] >>> [apiv2][query] GET https://serviceusage.googleapis.com/v1/projects/vk-snapshot/services/cloudbuild.googleapis.com [none]
[debug] [2023-02-15T20:18:48.409Z] >>> [apiv2][(partial)header] GET https://serviceusage.googleapis.com/v1/projects/vk-snapshot/services/cloudbuild.googleapis.com x-goog-quota-user=projects/vk-snapshot
[debug] [2023-02-15T20:18:48.410Z] >>> [apiv2][query] GET https://serviceusage.googleapis.com/v1/projects/vk-snapshot/services/artifactregistry.googleapis.com [none]
[debug] [2023-02-15T20:18:48.410Z] >>> [apiv2][(partial)header] GET https://serviceusage.googleapis.com/v1/projects/vk-snapshot/services/artifactregistry.googleapis.com x-goog-quota-user=projects/vk-snapshot
[debug] [2023-02-15T20:18:48.863Z] <<< [apiv2][status] GET https://serviceusage.googleapis.com/v1/projects/vk-snapshot/services/cloudbuild.googleapis.com 200
[debug] [2023-02-15T20:18:48.864Z] <<< [apiv2][body] GET https://serviceusage.googleapis.com/v1/projects/vk-snapshot/services/cloudbuild.googleapis.com [omitted]
[info] ✔  functions: required API cloudbuild.googleapis.com is enabled 
[debug] [2023-02-15T20:18:48.896Z] <<< [apiv2][status] GET https://serviceusage.googleapis.com/v1/projects/vk-snapshot/services/artifactregistry.googleapis.com 200
[debug] [2023-02-15T20:18:48.897Z] <<< [apiv2][body] GET https://serviceusage.googleapis.com/v1/projects/vk-snapshot/services/artifactregistry.googleapis.com [omitted]
[info] ✔  artifactregistry: required API artifactregistry.googleapis.com is enabled 
[debug] [2023-02-15T20:18:48.913Z] <<< [apiv2][status] GET https://serviceusage.googleapis.com/v1/projects/vk-snapshot/services/cloudfunctions.googleapis.com 200
[debug] [2023-02-15T20:18:48.913Z] <<< [apiv2][body] GET https://serviceusage.googleapis.com/v1/projects/vk-snapshot/services/cloudfunctions.googleapis.com [omitted]
[info] ✔  functions: required API cloudfunctions.googleapis.com is enabled 
[debug] [2023-02-15T20:18:48.991Z] <<< [apiv2][status] GET https://serviceusage.googleapis.com/v1/projects/vk-snapshot/services/runtimeconfig.googleapis.com 200
[debug] [2023-02-15T20:18:48.991Z] <<< [apiv2][body] GET https://serviceusage.googleapis.com/v1/projects/vk-snapshot/services/runtimeconfig.googleapis.com [omitted]
[debug] [2023-02-15T20:18:48.992Z] >>> [apiv2][query] GET https://firebase.googleapis.com/v1beta1/projects/vk-snapshot/adminSdkConfig [none]
[debug] [2023-02-15T20:18:49.205Z] <<< [apiv2][status] GET https://firebase.googleapis.com/v1beta1/projects/vk-snapshot/adminSdkConfig 200
[debug] [2023-02-15T20:18:49.205Z] <<< [apiv2][body] GET https://firebase.googleapis.com/v1beta1/projects/vk-snapshot/adminSdkConfig {"projectId":"vk-snapshot","storageBucket":"vk-snapshot.appspot.com","locationId":"us-central"}
[debug] [2023-02-15T20:18:49.206Z] >>> [apiv2][query] GET https://runtimeconfig.googleapis.com/v1beta1/projects/vk-snapshot/configs [none]
[debug] [2023-02-15T20:18:49.567Z] <<< [apiv2][status] GET https://runtimeconfig.googleapis.com/v1beta1/projects/vk-snapshot/configs 200
[debug] [2023-02-15T20:18:49.567Z] <<< [apiv2][body] GET https://runtimeconfig.googleapis.com/v1beta1/projects/vk-snapshot/configs {}
[debug] [2023-02-15T20:18:49.569Z] Validating nodejs source
[debug] [2023-02-15T20:18:50.193Z] > [functions] package.json contents: {
  "name": "functions",
  "scripts": {
    "lint": "eslint --ext .js,.ts .",
    "build": "tsc",
    "build:watch": "tsc --watch",
    "serve": "npm run build && firebase emulators:start --only functions",
    "shell": "npm run build && firebase functions:shell",
    "start": "npm run shell",
    "deploy": "firebase deploy --only functions",
    "logs": "firebase functions:log"
  },
  "engines": {
    "node": "16"
  },
  "main": "lib/index.js",
  "dependencies": {
    "axios": "^1.3.3",
    "firebase-admin": "^11.5.0",
    "firebase-functions": "^4.2.0"
  },
  "devDependencies": {
    "@typescript-eslint/eslint-plugin": "^5.12.0",
    "@typescript-eslint/parser": "^5.12.0",
    "eslint": "^8.9.0",
    "eslint-config-google": "^0.14.0",
    "eslint-plugin-import": "^2.25.4",
    "firebase-functions-test": "^3.0.0",
    "typescript": "^4.9.0"
  },
  "private": true
}
[debug] [2023-02-15T20:18:50.193Z] Building nodejs source
[debug] [2023-02-15T20:18:50.193Z] Could not find functions.yaml. Must use http discovery
[debug] [2023-02-15T20:18:50.200Z] Found firebase-functions binary at '/Users/vidit/GitHubProjects/snapshot/functions/node_modules/.bin/firebase-functions'
[debug] [2023-02-15T20:18:50.300Z] Serving at port 8671

[debug] [2023-02-15T20:18:50.426Z] Got response from /__/functions.yaml {"endpoints":{"newsFetcher":{"platform":"gcfv1","availableMemoryMb":null,"timeoutSeconds":null,"minInstances":null,"maxInstances":null,"ingressSettings":null,"serviceAccountEmail":null,"vpc":null,"scheduleTrigger":{"schedule":"*/30 * * * *","retryConfig":{"retryCount":null,"maxDoublings":null,"maxRetryDuration":null,"maxBackoffDuration":null,"minBackoffDuration":null},"timeZone":null},"labels":{},"entryPoint":"newsFetcher"}},"specVersion":"v1alpha1","requiredAPIs":[{"api":"cloudscheduler.googleapis.com","reason":"Needed for scheduled functions."}]}
[debug] [2023-02-15T20:18:50.430Z] shutdown requested via /__/quitquitquit

[info] i  functions: preparing functions directory for uploading... 
[info] i  functions: packaged /Users/vidit/GitHubProjects/snapshot/functions (161.2 KB) for uploading 
[debug] [2023-02-15T20:18:50.459Z] >>> [apiv2][query] GET https://cloudfunctions.googleapis.com/v1/projects/vk-snapshot/locations/-/functions [none]
[debug] [2023-02-15T20:18:50.872Z] <<< [apiv2][status] GET https://cloudfunctions.googleapis.com/v1/projects/vk-snapshot/locations/-/functions 200
[debug] [2023-02-15T20:18:50.872Z] <<< [apiv2][body] GET https://cloudfunctions.googleapis.com/v1/projects/vk-snapshot/locations/-/functions {"functions":[{"name":"projects/vk-snapshot/locations/us-central1/functions/newsFetcher","eventTrigger":{"eventType":"google.pubsub.topic.publish","resource":"projects/vk-snapshot/topics/firebase-schedule-newsFetcher-us-central1","service":"pubsub.googleapis.com","failurePolicy":{}},"status":"ACTIVE","entryPoint":"newsFetcher","timeout":"60s","availableMemoryMb":256,"serviceAccountEmail":"vk-snapshot@appspot.gserviceaccount.com","updateTime":"2023-02-15T20:09:45.543Z","versionId":"13","labels":{"deployment-tool":"cli-firebase","deployment-scheduled":"true","firebase-functions-hash":"cb13afbd35abc2a921b7d22152d9d61d85f9ad4b"},"sourceUploadUrl":"https://storage.googleapis.com/uploads-521151743347.us-central1.cloudfunctions.appspot.com/4fce4e2a-8c3e-41e2-8e0f-48c93431b057.zip","environmentVariables":{"FIREBASE_CONFIG":"{\"projectId\":\"vk-snapshot\",\"storageBucket\":\"vk-snapshot.appspot.com\",\"locationId\":\"us-central\"}","GCLOUD_PROJECT":"vk-snapshot","EVENTARC_CLOUD_EVENT_SOURCE":"projects/vk-snapshot/locations/us-central1/functions/newsFetcher"},"runtime":"nodejs16","maxInstances":3000,"ingressSettings":"ALLOW_ALL","buildId":"71161984-a73c-4444-85df-9158e18b15a5","buildName":"projects/159681680604/locations/us-central1/builds/71161984-a73c-4444-85df-9158e18b15a5","dockerRegistry":"ARTIFACT_REGISTRY"}]}
[debug] [2023-02-15T20:18:50.875Z] >>> [apiv2][query] GET https://cloudfunctions.googleapis.com/v2/projects/vk-snapshot/locations/-/functions filter=environment%3D%22GEN_2%22
[debug] [2023-02-15T20:18:51.300Z] <<< [apiv2][status] GET https://cloudfunctions.googleapis.com/v2/projects/vk-snapshot/locations/-/functions 200
[debug] [2023-02-15T20:18:51.301Z] <<< [apiv2][body] GET https://cloudfunctions.googleapis.com/v2/projects/vk-snapshot/locations/-/functions {}
[info] i  functions: ensuring required API cloudscheduler.googleapis.com is enabled... 
[debug] [2023-02-15T20:18:51.306Z] >>> [apiv2][query] GET https://serviceusage.googleapis.com/v1/projects/vk-snapshot/services/cloudscheduler.googleapis.com [none]
[debug] [2023-02-15T20:18:51.306Z] >>> [apiv2][(partial)header] GET https://serviceusage.googleapis.com/v1/projects/vk-snapshot/services/cloudscheduler.googleapis.com x-goog-quota-user=projects/vk-snapshot
[debug] [2023-02-15T20:18:51.575Z] <<< [apiv2][status] GET https://serviceusage.googleapis.com/v1/projects/vk-snapshot/services/cloudscheduler.googleapis.com 200
[debug] [2023-02-15T20:18:51.575Z] <<< [apiv2][body] GET https://serviceusage.googleapis.com/v1/projects/vk-snapshot/services/cloudscheduler.googleapis.com [omitted]
[info] ✔  functions: required API cloudscheduler.googleapis.com is enabled 
[debug] [2023-02-15T20:18:51.579Z] >>> [apiv2][query] GET https://firebase.googleapis.com/v1beta1/projects/vk-snapshot [none]
[debug] [2023-02-15T20:18:51.802Z] <<< [apiv2][status] GET https://firebase.googleapis.com/v1beta1/projects/vk-snapshot 200
[debug] [2023-02-15T20:18:51.802Z] <<< [apiv2][body] GET https://firebase.googleapis.com/v1beta1/projects/vk-snapshot {"projectId":"vk-snapshot","projectNumber":"159681680604","displayName":"snapshot","name":"projects/vk-snapshot","resources":{"hostingSite":"vk-snapshot","storageBucket":"vk-snapshot.appspot.com","locationId":"us-central"},"state":"ACTIVE","etag":"1_ba534d02-d472-4c0e-b4f0-7fa057745875"}
[debug] [2023-02-15T20:18:51.805Z] >>> [apiv2][query] POST https://cloudfunctions.googleapis.com/v1/projects/vk-snapshot/locations/us-central1/functions:generateUploadUrl [none]
[debug] [2023-02-15T20:18:51.805Z] >>> [apiv2][body] POST https://cloudfunctions.googleapis.com/v1/projects/vk-snapshot/locations/us-central1/functions:generateUploadUrl {}
[debug] [2023-02-15T20:18:52.248Z] <<< [apiv2][status] POST https://cloudfunctions.googleapis.com/v1/projects/vk-snapshot/locations/us-central1/functions:generateUploadUrl 200
[debug] [2023-02-15T20:18:52.248Z] <<< [apiv2][body] POST https://cloudfunctions.googleapis.com/v1/projects/vk-snapshot/locations/us-central1/functions:generateUploadUrl {"uploadUrl":"https://storage.googleapis.com/uploads-521151743347.us-central1.cloudfunctions.appspot.com/bbb6bf1e-6509-4b32-acb4-98fd4c9e24b9.zip?GoogleAccessId=service-159681680604@gcf-admin-robot.iam.gserviceaccount.com&Expires=1676494132&Signature=DtMhhWlTcvtq%2BBT0O9HuYhrVJ3F2wh8l8eXBx9lUxX8IYHRquEjtq10uJsk%2FPYLIfg01QYiA00EU18qE8vePl7xn1AbCRN2kEpDco5JMe5LKk6vAjgS9EhN%2ByfghUHsLRrAyMUFMbdtTVL0DcvNjybS9d17WixQjNSbEMwvrGTWDKEkoOiz0jyZP9Y2bdRQvslkuI9i%2BlIh4V3kuW6Z3MPkPKfTPqkXv01KMy52leFubunsmr35HHhDcebJuMGsvDxaIEhHyqYpulElffGOX6axNx%2FL9yodgQOxIjGJ5BJXiaKamATNhsKZETBM1UDlSa5RF9B8hv5qxcEV%2F1jDeug%3D%3D"}
[debug] [2023-02-15T20:18:52.251Z] >>> [apiv2][query] PUT https://storage.googleapis.com/uploads-521151743347.us-central1.cloudfunctions.appspot.com/bbb6bf1e-6509-4b32-acb4-98fd4c9e24b9.zip GoogleAccessId=service-159681680604%40gcf-admin-robot.iam.gserviceaccount.com&Expires=1676494132&Signature=DtMhhWlTcvtq%2BBT0O9HuYhrVJ3F2wh8l8eXBx9lUxX8IYHRquEjtq10uJsk%2FPYLIfg01QYiA00EU18qE8vePl7xn1AbCRN2kEpDco5JMe5LKk6vAjgS9EhN%2ByfghUHsLRrAyMUFMbdtTVL0DcvNjybS9d17WixQjNSbEMwvrGTWDKEkoOiz0jyZP9Y2bdRQvslkuI9i%2BlIh4V3kuW6Z3MPkPKfTPqkXv01KMy52leFubunsmr35HHhDcebJuMGsvDxaIEhHyqYpulElffGOX6axNx%2FL9yodgQOxIjGJ5BJXiaKamATNhsKZETBM1UDlSa5RF9B8hv5qxcEV%2F1jDeug%3D%3D
[debug] [2023-02-15T20:18:52.251Z] >>> [apiv2][body] PUT https://storage.googleapis.com/uploads-521151743347.us-central1.cloudfunctions.appspot.com/bbb6bf1e-6509-4b32-acb4-98fd4c9e24b9.zip [stream]
[debug] [2023-02-15T20:18:52.508Z] <<< [apiv2][status] PUT https://storage.googleapis.com/uploads-521151743347.us-central1.cloudfunctions.appspot.com/bbb6bf1e-6509-4b32-acb4-98fd4c9e24b9.zip 200
[debug] [2023-02-15T20:18:52.509Z] <<< [apiv2][body] PUT https://storage.googleapis.com/uploads-521151743347.us-central1.cloudfunctions.appspot.com/bbb6bf1e-6509-4b32-acb4-98fd4c9e24b9.zip [omitted]
[info] ✔  functions: functions folder uploaded successfully 
[info] i  functions: updating Node.js 16 function newsFetcher(us-central1)... 
[debug] [2023-02-15T20:18:52.516Z] >>> [apiv2][query] PATCH https://cloudfunctions.googleapis.com/v1/projects/vk-snapshot/locations/us-central1/functions/newsFetcher updateMask=name%2CsourceUploadUrl%2CentryPoint%2Cruntime%2CdockerRegistry%2Clabels%2CeventTrigger.eventType%2CeventTrigger.resource%2CminInstances%2CmaxInstances%2CingressSettings%2CenvironmentVariables%2CserviceAccountEmail%2CavailableMemoryMb%2Ctimeout%2CvpcConnector%2CvpcConnectorEgressSettings%2CsourceToken
[debug] [2023-02-15T20:18:52.516Z] >>> [apiv2][body] PATCH https://cloudfunctions.googleapis.com/v1/projects/vk-snapshot/locations/us-central1/functions/newsFetcher {"name":"projects/vk-snapshot/locations/us-central1/functions/newsFetcher","sourceUploadUrl":"https://storage.googleapis.com/uploads-521151743347.us-central1.cloudfunctions.appspot.com/bbb6bf1e-6509-4b32-acb4-98fd4c9e24b9.zip?GoogleAccessId=service-159681680604@gcf-admin-robot.iam.gserviceaccount.com&Expires=1676494132&Signature=DtMhhWlTcvtq%2BBT0O9HuYhrVJ3F2wh8l8eXBx9lUxX8IYHRquEjtq10uJsk%2FPYLIfg01QYiA00EU18qE8vePl7xn1AbCRN2kEpDco5JMe5LKk6vAjgS9EhN%2ByfghUHsLRrAyMUFMbdtTVL0DcvNjybS9d17WixQjNSbEMwvrGTWDKEkoOiz0jyZP9Y2bdRQvslkuI9i%2BlIh4V3kuW6Z3MPkPKfTPqkXv01KMy52leFubunsmr35HHhDcebJuMGsvDxaIEhHyqYpulElffGOX6axNx%2FL9yodgQOxIjGJ5BJXiaKamATNhsKZETBM1UDlSa5RF9B8hv5qxcEV%2F1jDeug%3D%3D","entryPoint":"newsFetcher","runtime":"nodejs16","dockerRegistry":"ARTIFACT_REGISTRY","labels":{"deployment-tool":"cli-firebase","deployment-scheduled":"true","firebase-functions-hash":"1fe4b2d02846f7fadc33968c898198f95110deda"},"eventTrigger":{"eventType":"google.pubsub.topic.publish","resource":"projects/vk-snapshot/topics/firebase-schedule-newsFetcher-us-central1"},"minInstances":null,"maxInstances":null,"ingressSettings":null,"environmentVariables":{"FIREBASE_CONFIG":"{\"projectId\":\"vk-snapshot\",\"storageBucket\":\"vk-snapshot.appspot.com\",\"locationId\":\"us-central\"}","GCLOUD_PROJECT":"vk-snapshot","EVENTARC_CLOUD_EVENT_SOURCE":"projects/vk-snapshot/locations/us-central1/functions/newsFetcher"},"serviceAccountEmail":null,"availableMemoryMb":null,"timeout":null,"vpcConnector":null,"vpcConnectorEgressSettings":null}
[debug] [2023-02-15T20:18:52.992Z] <<< [apiv2][status] PATCH https://cloudfunctions.googleapis.com/v1/projects/vk-snapshot/locations/us-central1/functions/newsFetcher 200
[debug] [2023-02-15T20:18:52.993Z] <<< [apiv2][body] PATCH https://cloudfunctions.googleapis.com/v1/projects/vk-snapshot/locations/us-central1/functions/newsFetcher {"name":"operations/dmstc25hcHNob3QvdXMtY2VudHJhbDEvbmV3c0ZldGNoZXIvZk5mN0JobC1jdk0","metadata":{"@type":"type.googleapis.com/google.cloud.functions.v1.OperationMetadataV1","target":"projects/vk-snapshot/locations/us-central1/functions/newsFetcher","type":"UPDATE_FUNCTION","request":{"@type":"type.googleapis.com/google.cloud.functions.v1.CloudFunction","name":"projects/vk-snapshot/locations/us-central1/functions/newsFetcher","eventTrigger":{"eventType":"google.pubsub.topic.publish","resource":"projects/vk-snapshot/topics/firebase-schedule-newsFetcher-us-central1","service":"pubsub.googleapis.com","failurePolicy":{}},"status":"ACTIVE","entryPoint":"newsFetcher","updateTime":"2023-02-15T20:09:45.543Z","versionId":"13","labels":{"deployment-tool":"cli-firebase","deployment-scheduled":"true","firebase-functions-hash":"1fe4b2d02846f7fadc33968c898198f95110deda"},"sourceUploadUrl":"https://storage.googleapis.com/uploads-521151743347.us-central1.cloudfunctions.appspot.com/bbb6bf1e-6509-4b32-acb4-98fd4c9e24b9.zip?GoogleAccessId=service-159681680604@gcf-admin-robot.iam.gserviceaccount.com&Expires=1676494132&Signature=DtMhhWlTcvtq%2BBT0O9HuYhrVJ3F2wh8l8eXBx9lUxX8IYHRquEjtq10uJsk%2FPYLIfg01QYiA00EU18qE8vePl7xn1AbCRN2kEpDco5JMe5LKk6vAjgS9EhN%2ByfghUHsLRrAyMUFMbdtTVL0DcvNjybS9d17WixQjNSbEMwvrGTWDKEkoOiz0jyZP9Y2bdRQvslkuI9i%2BlIh4V3kuW6Z3MPkPKfTPqkXv01KMy52leFubunsmr35HHhDcebJuMGsvDxaIEhHyqYpulElffGOX6axNx%2FL9yodgQOxIjGJ5BJXiaKamATNhsKZETBM1UDlSa5RF9B8hv5qxcEV%2F1jDeug%3D%3D","environmentVariables":{"FIREBASE_CONFIG":"{\"projectId\":\"vk-snapshot\",\"storageBucket\":\"vk-snapshot.appspot.com\",\"locationId\":\"us-central\"}","GCLOUD_PROJECT":"vk-snapshot","EVENTARC_CLOUD_EVENT_SOURCE":"projects/vk-snapshot/locations/us-central1/functions/newsFetcher"},"runtime":"nodejs16","buildId":"71161984-a73c-4444-85df-9158e18b15a5","buildName":"projects/159681680604/locations/us-central1/builds/71161984-a73c-4444-85df-9158e18b15a5","dockerRegistry":"ARTIFACT_REGISTRY"},"versionId":"14","updateTime":"2023-02-15T20:18:52Z"}}
[debug] [2023-02-15T20:18:52.994Z] >>> [apiv2][query] GET https://cloudfunctions.googleapis.com/v1/operations/dmstc25hcHNob3QvdXMtY2VudHJhbDEvbmV3c0ZldGNoZXIvZk5mN0JobC1jdk0 [none]
[debug] [2023-02-15T20:18:53.133Z] <<< [apiv2][status] GET https://cloudfunctions.googleapis.com/v1/operations/dmstc25hcHNob3QvdXMtY2VudHJhbDEvbmV3c0ZldGNoZXIvZk5mN0JobC1jdk0 200
[debug] [2023-02-15T20:18:53.133Z] <<< [apiv2][body] GET https://cloudfunctions.googleapis.com/v1/operations/dmstc25hcHNob3QvdXMtY2VudHJhbDEvbmV3c0ZldGNoZXIvZk5mN0JobC1jdk0 {"name":"operations/dmstc25hcHNob3QvdXMtY2VudHJhbDEvbmV3c0ZldGNoZXIvZk5mN0JobC1jdk0","metadata":{"@type":"type.googleapis.com/google.cloud.functions.v1.OperationMetadataV1","target":"projects/vk-snapshot/locations/us-central1/functions/newsFetcher","type":"UPDATE_FUNCTION","request":{"@type":"type.googleapis.com/google.cloud.functions.v1.CloudFunction","name":"projects/vk-snapshot/locations/us-central1/functions/newsFetcher","eventTrigger":{"eventType":"google.pubsub.topic.publish","resource":"projects/vk-snapshot/topics/firebase-schedule-newsFetcher-us-central1","service":"pubsub.googleapis.com","failurePolicy":{}},"status":"ACTIVE","entryPoint":"newsFetcher","updateTime":"2023-02-15T20:09:45.543Z","versionId":"13","labels":{"deployment-tool":"cli-firebase","deployment-scheduled":"true","firebase-functions-hash":"1fe4b2d02846f7fadc33968c898198f95110deda"},"sourceUploadUrl":"https://storage.googleapis.com/uploads-521151743347.us-central1.cloudfunctions.appspot.com/bbb6bf1e-6509-4b32-acb4-98fd4c9e24b9.zip?GoogleAccessId=service-159681680604@gcf-admin-robot.iam.gserviceaccount.com&Expires=1676494132&Signature=DtMhhWlTcvtq%2BBT0O9HuYhrVJ3F2wh8l8eXBx9lUxX8IYHRquEjtq10uJsk%2FPYLIfg01QYiA00EU18qE8vePl7xn1AbCRN2kEpDco5JMe5LKk6vAjgS9EhN%2ByfghUHsLRrAyMUFMbdtTVL0DcvNjybS9d17WixQjNSbEMwvrGTWDKEkoOiz0jyZP9Y2bdRQvslkuI9i%2BlIh4V3kuW6Z3MPkPKfTPqkXv01KMy52leFubunsmr35HHhDcebJuMGsvDxaIEhHyqYpulElffGOX6axNx%2FL9yodgQOxIjGJ5BJXiaKamATNhsKZETBM1UDlSa5RF9B8hv5qxcEV%2F1jDeug%3D%3D","environmentVariables":{"FIREBASE_CONFIG":"{\"projectId\":\"vk-snapshot\",\"storageBucket\":\"vk-snapshot.appspot.com\",\"locationId\":\"us-central\"}","GCLOUD_PROJECT":"vk-snapshot","EVENTARC_CLOUD_EVENT_SOURCE":"projects/vk-snapshot/locations/us-central1/functions/newsFetcher"},"runtime":"nodejs16","buildId":"71161984-a73c-4444-85df-9158e18b15a5","buildName":"projects/159681680604/locations/us-central1/builds/71161984-a73c-4444-85df-9158e18b15a5","dockerRegistry":"ARTIFACT_REGISTRY"},"versionId":"14","updateTime":"2023-02-15T20:18:52Z"}}
[debug] [2023-02-15T20:18:53.640Z] [update-default-us-central1-newsFetcher] Retrying task index 0
[debug] [2023-02-15T20:18:53.641Z] >>> [apiv2][query] GET https://cloudfunctions.googleapis.com/v1/operations/dmstc25hcHNob3QvdXMtY2VudHJhbDEvbmV3c0ZldGNoZXIvZk5mN0JobC1jdk0 [none]
[debug] [2023-02-15T20:18:53.760Z] <<< [apiv2][status] GET https://cloudfunctions.googleapis.com/v1/operations/dmstc25hcHNob3QvdXMtY2VudHJhbDEvbmV3c0ZldGNoZXIvZk5mN0JobC1jdk0 200
[debug] [2023-02-15T20:18:53.761Z] <<< [apiv2][body] GET https://cloudfunctions.googleapis.com/v1/operations/dmstc25hcHNob3QvdXMtY2VudHJhbDEvbmV3c0ZldGNoZXIvZk5mN0JobC1jdk0 {"name":"operations/dmstc25hcHNob3QvdXMtY2VudHJhbDEvbmV3c0ZldGNoZXIvZk5mN0JobC1jdk0","metadata":{"@type":"type.googleapis.com/google.cloud.functions.v1.OperationMetadataV1","target":"projects/vk-snapshot/locations/us-central1/functions/newsFetcher","type":"UPDATE_FUNCTION","request":{"@type":"type.googleapis.com/google.cloud.functions.v1.CloudFunction","name":"projects/vk-snapshot/locations/us-central1/functions/newsFetcher","eventTrigger":{"eventType":"google.pubsub.topic.publish","resource":"projects/vk-snapshot/topics/firebase-schedule-newsFetcher-us-central1","service":"pubsub.googleapis.com","failurePolicy":{}},"status":"ACTIVE","entryPoint":"newsFetcher","updateTime":"2023-02-15T20:09:45.543Z","versionId":"13","labels":{"deployment-tool":"cli-firebase","deployment-scheduled":"true","firebase-functions-hash":"1fe4b2d02846f7fadc33968c898198f95110deda"},"sourceUploadUrl":"https://storage.googleapis.com/uploads-521151743347.us-central1.cloudfunctions.appspot.com/bbb6bf1e-6509-4b32-acb4-98fd4c9e24b9.zip?GoogleAccessId=service-159681680604@gcf-admin-robot.iam.gserviceaccount.com&Expires=1676494132&Signature=DtMhhWlTcvtq%2BBT0O9HuYhrVJ3F2wh8l8eXBx9lUxX8IYHRquEjtq10uJsk%2FPYLIfg01QYiA00EU18qE8vePl7xn1AbCRN2kEpDco5JMe5LKk6vAjgS9EhN%2ByfghUHsLRrAyMUFMbdtTVL0DcvNjybS9d17WixQjNSbEMwvrGTWDKEkoOiz0jyZP9Y2bdRQvslkuI9i%2BlIh4V3kuW6Z3MPkPKfTPqkXv01KMy52leFubunsmr35HHhDcebJuMGsvDxaIEhHyqYpulElffGOX6axNx%2FL9yodgQOxIjGJ5BJXiaKamATNhsKZETBM1UDlSa5RF9B8hv5qxcEV%2F1jDeug%3D%3D","environmentVariables":{"FIREBASE_CONFIG":"{\"projectId\":\"vk-snapshot\",\"storageBucket\":\"vk-snapshot.appspot.com\",\"locationId\":\"us-central\"}","GCLOUD_PROJECT":"vk-snapshot","EVENTARC_CLOUD_EVENT_SOURCE":"projects/vk-snapshot/locations/us-central1/functions/newsFetcher"},"runtime":"nodejs16","buildId":"71161984-a73c-4444-85df-9158e18b15a5","buildName":"projects/159681680604/locations/us-central1/builds/71161984-a73c-4444-85df-9158e18b15a5","dockerRegistry":"ARTIFACT_REGISTRY"},"versionId":"14","updateTime":"2023-02-15T20:18:53Z"}}
[debug] [2023-02-15T20:18:54.765Z] [update-default-us-central1-newsFetcher] Retrying task index 0
[debug] [2023-02-15T20:18:54.766Z] >>> [apiv2][query] GET https://cloudfunctions.googleapis.com/v1/operations/dmstc25hcHNob3QvdXMtY2VudHJhbDEvbmV3c0ZldGNoZXIvZk5mN0JobC1jdk0 [none]
[debug] [2023-02-15T20:18:54.898Z] <<< [apiv2][status] GET https://cloudfunctions.googleapis.com/v1/operations/dmstc25hcHNob3QvdXMtY2VudHJhbDEvbmV3c0ZldGNoZXIvZk5mN0JobC1jdk0 200
[debug] [2023-02-15T20:18:54.899Z] <<< [apiv2][body] GET https://cloudfunctions.googleapis.com/v1/operations/dmstc25hcHNob3QvdXMtY2VudHJhbDEvbmV3c0ZldGNoZXIvZk5mN0JobC1jdk0 {"name":"operations/dmstc25hcHNob3QvdXMtY2VudHJhbDEvbmV3c0ZldGNoZXIvZk5mN0JobC1jdk0","metadata":{"@type":"type.googleapis.com/google.cloud.functions.v1.OperationMetadataV1","target":"projects/vk-snapshot/locations/us-central1/functions/newsFetcher","type":"UPDATE_FUNCTION","request":{"@type":"type.googleapis.com/google.cloud.functions.v1.CloudFunction","name":"projects/vk-snapshot/locations/us-central1/functions/newsFetcher","eventTrigger":{"eventType":"google.pubsub.topic.publish","resource":"projects/vk-snapshot/topics/firebase-schedule-newsFetcher-us-central1","service":"pubsub.googleapis.com","failurePolicy":{}},"status":"ACTIVE","entryPoint":"newsFetcher","updateTime":"2023-02-15T20:09:45.543Z","versionId":"13","labels":{"deployment-tool":"cli-firebase","deployment-scheduled":"true","firebase-functions-hash":"1fe4b2d02846f7fadc33968c898198f95110deda"},"sourceUploadUrl":"https://storage.googleapis.com/uploads-521151743347.us-central1.cloudfunctions.appspot.com/bbb6bf1e-6509-4b32-acb4-98fd4c9e24b9.zip?GoogleAccessId=service-159681680604@gcf-admin-robot.iam.gserviceaccount.com&Expires=1676494132&Signature=DtMhhWlTcvtq%2BBT0O9HuYhrVJ3F2wh8l8eXBx9lUxX8IYHRquEjtq10uJsk%2FPYLIfg01QYiA00EU18qE8vePl7xn1AbCRN2kEpDco5JMe5LKk6vAjgS9EhN%2ByfghUHsLRrAyMUFMbdtTVL0DcvNjybS9d17WixQjNSbEMwvrGTWDKEkoOiz0jyZP9Y2bdRQvslkuI9i%2BlIh4V3kuW6Z3MPkPKfTPqkXv01KMy52leFubunsmr35HHhDcebJuMGsvDxaIEhHyqYpulElffGOX6axNx%2FL9yodgQOxIjGJ5BJXiaKamATNhsKZETBM1UDlSa5RF9B8hv5qxcEV%2F1jDeug%3D%3D","environmentVariables":{"FIREBASE_CONFIG":"{\"projectId\":\"vk-snapshot\",\"storageBucket\":\"vk-snapshot.appspot.com\",\"locationId\":\"us-central\"}","GCLOUD_PROJECT":"vk-snapshot","EVENTARC_CLOUD_EVENT_SOURCE":"projects/vk-snapshot/locations/us-central1/functions/newsFetcher"},"runtime":"nodejs16","buildId":"71161984-a73c-4444-85df-9158e18b15a5","buildName":"projects/159681680604/locations/us-central1/builds/71161984-a73c-4444-85df-9158e18b15a5","dockerRegistry":"ARTIFACT_REGISTRY"},"versionId":"14","updateTime":"2023-02-15T20:18:53Z","buildId":"1ebbf91f-34a4-476e-a77f-00ccb9866d8f","buildName":"projects/159681680604/locations/us-central1/builds/1ebbf91f-34a4-476e-a77f-00ccb9866d8f"}}
[debug] [2023-02-15T20:18:56.905Z] [update-default-us-central1-newsFetcher] Retrying task index 0
[debug] [2023-02-15T20:18:56.906Z] >>> [apiv2][query] GET https://cloudfunctions.googleapis.com/v1/operations/dmstc25hcHNob3QvdXMtY2VudHJhbDEvbmV3c0ZldGNoZXIvZk5mN0JobC1jdk0 [none]
[debug] [2023-02-15T20:18:57.011Z] <<< [apiv2][status] GET https://cloudfunctions.googleapis.com/v1/operations/dmstc25hcHNob3QvdXMtY2VudHJhbDEvbmV3c0ZldGNoZXIvZk5mN0JobC1jdk0 200
[debug] [2023-02-15T20:18:57.011Z] <<< [apiv2][body] GET https://cloudfunctions.googleapis.com/v1/operations/dmstc25hcHNob3QvdXMtY2VudHJhbDEvbmV3c0ZldGNoZXIvZk5mN0JobC1jdk0 {"name":"operations/dmstc25hcHNob3QvdXMtY2VudHJhbDEvbmV3c0ZldGNoZXIvZk5mN0JobC1jdk0","metadata":{"@type":"type.googleapis.com/google.cloud.functions.v1.OperationMetadataV1","target":"projects/vk-snapshot/locations/us-central1/functions/newsFetcher","type":"UPDATE_FUNCTION","request":{"@type":"type.googleapis.com/google.cloud.functions.v1.CloudFunction","name":"projects/vk-snapshot/locations/us-central1/functions/newsFetcher","eventTrigger":{"eventType":"google.pubsub.topic.publish","resource":"projects/vk-snapshot/topics/firebase-schedule-newsFetcher-us-central1","service":"pubsub.googleapis.com","failurePolicy":{}},"status":"ACTIVE","entryPoint":"newsFetcher","updateTime":"2023-02-15T20:09:45.543Z","versionId":"13","labels":{"deployment-tool":"cli-firebase","deployment-scheduled":"true","firebase-functions-hash":"1fe4b2d02846f7fadc33968c898198f95110deda"},"sourceUploadUrl":"https://storage.googleapis.com/uploads-521151743347.us-central1.cloudfunctions.appspot.com/bbb6bf1e-6509-4b32-acb4-98fd4c9e24b9.zip?GoogleAccessId=service-159681680604@gcf-admin-robot.iam.gserviceaccount.com&Expires=1676494132&Signature=DtMhhWlTcvtq%2BBT0O9HuYhrVJ3F2wh8l8eXBx9lUxX8IYHRquEjtq10uJsk%2FPYLIfg01QYiA00EU18qE8vePl7xn1AbCRN2kEpDco5JMe5LKk6vAjgS9EhN%2ByfghUHsLRrAyMUFMbdtTVL0DcvNjybS9d17WixQjNSbEMwvrGTWDKEkoOiz0jyZP9Y2bdRQvslkuI9i%2BlIh4V3kuW6Z3MPkPKfTPqkXv01KMy52leFubunsmr35HHhDcebJuMGsvDxaIEhHyqYpulElffGOX6axNx%2FL9yodgQOxIjGJ5BJXiaKamATNhsKZETBM1UDlSa5RF9B8hv5qxcEV%2F1jDeug%3D%3D","environmentVariables":{"FIREBASE_CONFIG":"{\"projectId\":\"vk-snapshot\",\"storageBucket\":\"vk-snapshot.appspot.com\",\"locationId\":\"us-central\"}","GCLOUD_PROJECT":"vk-snapshot","EVENTARC_CLOUD_EVENT_SOURCE":"projects/vk-snapshot/locations/us-central1/functions/newsFetcher"},"runtime":"nodejs16","buildId":"71161984-a73c-4444-85df-9158e18b15a5","buildName":"projects/159681680604/locations/us-central1/builds/71161984-a73c-4444-85df-9158e18b15a5","dockerRegistry":"ARTIFACT_REGISTRY"},"versionId":"14","updateTime":"2023-02-15T20:18:53Z","buildId":"1ebbf91f-34a4-476e-a77f-00ccb9866d8f","buildName":"projects/159681680604/locations/us-central1/builds/1ebbf91f-34a4-476e-a77f-00ccb9866d8f"}}
[debug] [2023-02-15T20:19:01.015Z] [update-default-us-central1-newsFetcher] Retrying task index 0
[debug] [2023-02-15T20:19:01.016Z] >>> [apiv2][query] GET https://cloudfunctions.googleapis.com/v1/operations/dmstc25hcHNob3QvdXMtY2VudHJhbDEvbmV3c0ZldGNoZXIvZk5mN0JobC1jdk0 [none]
[debug] [2023-02-15T20:19:01.124Z] <<< [apiv2][status] GET https://cloudfunctions.googleapis.com/v1/operations/dmstc25hcHNob3QvdXMtY2VudHJhbDEvbmV3c0ZldGNoZXIvZk5mN0JobC1jdk0 200
[debug] [2023-02-15T20:19:01.125Z] <<< [apiv2][body] GET https://cloudfunctions.googleapis.com/v1/operations/dmstc25hcHNob3QvdXMtY2VudHJhbDEvbmV3c0ZldGNoZXIvZk5mN0JobC1jdk0 {"name":"operations/dmstc25hcHNob3QvdXMtY2VudHJhbDEvbmV3c0ZldGNoZXIvZk5mN0JobC1jdk0","metadata":{"@type":"type.googleapis.com/google.cloud.functions.v1.OperationMetadataV1","target":"projects/vk-snapshot/locations/us-central1/functions/newsFetcher","type":"UPDATE_FUNCTION","request":{"@type":"type.googleapis.com/google.cloud.functions.v1.CloudFunction","name":"projects/vk-snapshot/locations/us-central1/functions/newsFetcher","eventTrigger":{"eventType":"google.pubsub.topic.publish","resource":"projects/vk-snapshot/topics/firebase-schedule-newsFetcher-us-central1","service":"pubsub.googleapis.com","failurePolicy":{}},"status":"ACTIVE","entryPoint":"newsFetcher","updateTime":"2023-02-15T20:09:45.543Z","versionId":"13","labels":{"deployment-tool":"cli-firebase","deployment-scheduled":"true","firebase-functions-hash":"1fe4b2d02846f7fadc33968c898198f95110deda"},"sourceUploadUrl":"https://storage.googleapis.com/uploads-521151743347.us-central1.cloudfunctions.appspot.com/bbb6bf1e-6509-4b32-acb4-98fd4c9e24b9.zip?GoogleAccessId=service-159681680604@gcf-admin-robot.iam.gserviceaccount.com&Expires=1676494132&Signature=DtMhhWlTcvtq%2BBT0O9HuYhrVJ3F2wh8l8eXBx9lUxX8IYHRquEjtq10uJsk%2FPYLIfg01QYiA00EU18qE8vePl7xn1AbCRN2kEpDco5JMe5LKk6vAjgS9EhN%2ByfghUHsLRrAyMUFMbdtTVL0DcvNjybS9d17WixQjNSbEMwvrGTWDKEkoOiz0jyZP9Y2bdRQvslkuI9i%2BlIh4V3kuW6Z3MPkPKfTPqkXv01KMy52leFubunsmr35HHhDcebJuMGsvDxaIEhHyqYpulElffGOX6axNx%2FL9yodgQOxIjGJ5BJXiaKamATNhsKZETBM1UDlSa5RF9B8hv5qxcEV%2F1jDeug%3D%3D","environmentVariables":{"FIREBASE_CONFIG":"{\"projectId\":\"vk-snapshot\",\"storageBucket\":\"vk-snapshot.appspot.com\",\"locationId\":\"us-central\"}","GCLOUD_PROJECT":"vk-snapshot","EVENTARC_CLOUD_EVENT_SOURCE":"projects/vk-snapshot/locations/us-central1/functions/newsFetcher"},"runtime":"nodejs16","buildId":"71161984-a73c-4444-85df-9158e18b15a5","buildName":"projects/159681680604/locations/us-central1/builds/71161984-a73c-4444-85df-9158e18b15a5","dockerRegistry":"ARTIFACT_REGISTRY"},"versionId":"14","updateTime":"2023-02-15T20:18:53Z","buildId":"1ebbf91f-34a4-476e-a77f-00ccb9866d8f","buildName":"projects/159681680604/locations/us-central1/builds/1ebbf91f-34a4-476e-a77f-00ccb9866d8f"}}
[debug] [2023-02-15T20:19:09.129Z] [update-default-us-central1-newsFetcher] Retrying task index 0
[debug] [2023-02-15T20:19:09.130Z] >>> [apiv2][query] GET https://cloudfunctions.googleapis.com/v1/operations/dmstc25hcHNob3QvdXMtY2VudHJhbDEvbmV3c0ZldGNoZXIvZk5mN0JobC1jdk0 [none]
[debug] [2023-02-15T20:19:09.239Z] <<< [apiv2][status] GET https://cloudfunctions.googleapis.com/v1/operations/dmstc25hcHNob3QvdXMtY2VudHJhbDEvbmV3c0ZldGNoZXIvZk5mN0JobC1jdk0 200
[debug] [2023-02-15T20:19:09.239Z] <<< [apiv2][body] GET https://cloudfunctions.googleapis.com/v1/operations/dmstc25hcHNob3QvdXMtY2VudHJhbDEvbmV3c0ZldGNoZXIvZk5mN0JobC1jdk0 {"name":"operations/dmstc25hcHNob3QvdXMtY2VudHJhbDEvbmV3c0ZldGNoZXIvZk5mN0JobC1jdk0","metadata":{"@type":"type.googleapis.com/google.cloud.functions.v1.OperationMetadataV1","target":"projects/vk-snapshot/locations/us-central1/functions/newsFetcher","type":"UPDATE_FUNCTION","request":{"@type":"type.googleapis.com/google.cloud.functions.v1.CloudFunction","name":"projects/vk-snapshot/locations/us-central1/functions/newsFetcher","eventTrigger":{"eventType":"google.pubsub.topic.publish","resource":"projects/vk-snapshot/topics/firebase-schedule-newsFetcher-us-central1","service":"pubsub.googleapis.com","failurePolicy":{}},"status":"ACTIVE","entryPoint":"newsFetcher","updateTime":"2023-02-15T20:09:45.543Z","versionId":"13","labels":{"deployment-tool":"cli-firebase","deployment-scheduled":"true","firebase-functions-hash":"1fe4b2d02846f7fadc33968c898198f95110deda"},"sourceUploadUrl":"https://storage.googleapis.com/uploads-521151743347.us-central1.cloudfunctions.appspot.com/bbb6bf1e-6509-4b32-acb4-98fd4c9e24b9.zip?GoogleAccessId=service-159681680604@gcf-admin-robot.iam.gserviceaccount.com&Expires=1676494132&Signature=DtMhhWlTcvtq%2BBT0O9HuYhrVJ3F2wh8l8eXBx9lUxX8IYHRquEjtq10uJsk%2FPYLIfg01QYiA00EU18qE8vePl7xn1AbCRN2kEpDco5JMe5LKk6vAjgS9EhN%2ByfghUHsLRrAyMUFMbdtTVL0DcvNjybS9d17WixQjNSbEMwvrGTWDKEkoOiz0jyZP9Y2bdRQvslkuI9i%2BlIh4V3kuW6Z3MPkPKfTPqkXv01KMy52leFubunsmr35HHhDcebJuMGsvDxaIEhHyqYpulElffGOX6axNx%2FL9yodgQOxIjGJ5BJXiaKamATNhsKZETBM1UDlSa5RF9B8hv5qxcEV%2F1jDeug%3D%3D","environmentVariables":{"FIREBASE_CONFIG":"{\"projectId\":\"vk-snapshot\",\"storageBucket\":\"vk-snapshot.appspot.com\",\"locationId\":\"us-central\"}","GCLOUD_PROJECT":"vk-snapshot","EVENTARC_CLOUD_EVENT_SOURCE":"projects/vk-snapshot/locations/us-central1/functions/newsFetcher"},"runtime":"nodejs16","buildId":"71161984-a73c-4444-85df-9158e18b15a5","buildName":"projects/159681680604/locations/us-central1/builds/71161984-a73c-4444-85df-9158e18b15a5","dockerRegistry":"ARTIFACT_REGISTRY"},"versionId":"14","updateTime":"2023-02-15T20:18:53Z","buildId":"1ebbf91f-34a4-476e-a77f-00ccb9866d8f","buildName":"projects/159681680604/locations/us-central1/builds/1ebbf91f-34a4-476e-a77f-00ccb9866d8f"}}
[debug] [2023-02-15T20:19:19.240Z] [update-default-us-central1-newsFetcher] Retrying task index 0
[debug] [2023-02-15T20:19:19.240Z] >>> [apiv2][query] GET https://cloudfunctions.googleapis.com/v1/operations/dmstc25hcHNob3QvdXMtY2VudHJhbDEvbmV3c0ZldGNoZXIvZk5mN0JobC1jdk0 [none]
[debug] [2023-02-15T20:19:19.369Z] <<< [apiv2][status] GET https://cloudfunctions.googleapis.com/v1/operations/dmstc25hcHNob3QvdXMtY2VudHJhbDEvbmV3c0ZldGNoZXIvZk5mN0JobC1jdk0 200
[debug] [2023-02-15T20:19:19.370Z] <<< [apiv2][body] GET https://cloudfunctions.googleapis.com/v1/operations/dmstc25hcHNob3QvdXMtY2VudHJhbDEvbmV3c0ZldGNoZXIvZk5mN0JobC1jdk0 {"name":"operations/dmstc25hcHNob3QvdXMtY2VudHJhbDEvbmV3c0ZldGNoZXIvZk5mN0JobC1jdk0","metadata":{"@type":"type.googleapis.com/google.cloud.functions.v1.OperationMetadataV1","target":"projects/vk-snapshot/locations/us-central1/functions/newsFetcher","type":"UPDATE_FUNCTION","request":{"@type":"type.googleapis.com/google.cloud.functions.v1.CloudFunction","name":"projects/vk-snapshot/locations/us-central1/functions/newsFetcher","eventTrigger":{"eventType":"google.pubsub.topic.publish","resource":"projects/vk-snapshot/topics/firebase-schedule-newsFetcher-us-central1","service":"pubsub.googleapis.com","failurePolicy":{}},"status":"ACTIVE","entryPoint":"newsFetcher","updateTime":"2023-02-15T20:09:45.543Z","versionId":"13","labels":{"deployment-tool":"cli-firebase","deployment-scheduled":"true","firebase-functions-hash":"1fe4b2d02846f7fadc33968c898198f95110deda"},"sourceUploadUrl":"https://storage.googleapis.com/uploads-521151743347.us-central1.cloudfunctions.appspot.com/bbb6bf1e-6509-4b32-acb4-98fd4c9e24b9.zip?GoogleAccessId=service-159681680604@gcf-admin-robot.iam.gserviceaccount.com&Expires=1676494132&Signature=DtMhhWlTcvtq%2BBT0O9HuYhrVJ3F2wh8l8eXBx9lUxX8IYHRquEjtq10uJsk%2FPYLIfg01QYiA00EU18qE8vePl7xn1AbCRN2kEpDco5JMe5LKk6vAjgS9EhN%2ByfghUHsLRrAyMUFMbdtTVL0DcvNjybS9d17WixQjNSbEMwvrGTWDKEkoOiz0jyZP9Y2bdRQvslkuI9i%2BlIh4V3kuW6Z3MPkPKfTPqkXv01KMy52leFubunsmr35HHhDcebJuMGsvDxaIEhHyqYpulElffGOX6axNx%2FL9yodgQOxIjGJ5BJXiaKamATNhsKZETBM1UDlSa5RF9B8hv5qxcEV%2F1jDeug%3D%3D","environmentVariables":{"FIREBASE_CONFIG":"{\"projectId\":\"vk-snapshot\",\"storageBucket\":\"vk-snapshot.appspot.com\",\"locationId\":\"us-central\"}","GCLOUD_PROJECT":"vk-snapshot","EVENTARC_CLOUD_EVENT_SOURCE":"projects/vk-snapshot/locations/us-central1/functions/newsFetcher"},"runtime":"nodejs16","buildId":"71161984-a73c-4444-85df-9158e18b15a5","buildName":"projects/159681680604/locations/us-central1/builds/71161984-a73c-4444-85df-9158e18b15a5","dockerRegistry":"ARTIFACT_REGISTRY"},"versionId":"14","updateTime":"2023-02-15T20:18:53Z","buildId":"1ebbf91f-34a4-476e-a77f-00ccb9866d8f","buildName":"projects/159681680604/locations/us-central1/builds/1ebbf91f-34a4-476e-a77f-00ccb9866d8f"}}
